0 info it worked if it ends with ok
1 verbose cli [ 'C:\\Program Files\\nodejs\\\\node.exe',
1 verbose cli   'C:\\Program Files\\nodejs\\node_modules\\npm\\bin\\npm-cli.js',
1 verbose cli   'install',
1 verbose cli   'grunt-captain-hook' ]
2 info using npm@1.4.28
3 info using node@v0.10.33
4 verbose node symlink C:\Program Files\nodejs\\node.exe
5 warn package.json package@0.0.0 No repository field.
6 warn package.json grunt-sass-injection@1.0.2 No repository field.
7 warn package.json uiFramework@2.1.0 No repository field.
8 verbose readDependencies using package.json deps
9 verbose cache add [ 'grunt-captain-hook', null ]
10 verbose cache add name=undefined spec="grunt-captain-hook" args=["grunt-captain-hook",null]
11 verbose parsed url { protocol: null,
11 verbose parsed url   slashes: null,
11 verbose parsed url   auth: null,
11 verbose parsed url   host: null,
11 verbose parsed url   port: null,
11 verbose parsed url   hostname: null,
11 verbose parsed url   hash: null,
11 verbose parsed url   search: null,
11 verbose parsed url   query: null,
11 verbose parsed url   pathname: 'grunt-captain-hook',
11 verbose parsed url   path: 'grunt-captain-hook',
11 verbose parsed url   href: 'grunt-captain-hook' }
12 silly lockFile e4cdd96a-grunt-captain-hook grunt-captain-hook
13 verbose lock grunt-captain-hook C:\Users\avx12\AppData\Roaming\npm-cache\e4cdd96a-grunt-captain-hook.lock
14 silly lockFile e4cdd96a-grunt-captain-hook grunt-captain-hook
15 silly lockFile e4cdd96a-grunt-captain-hook grunt-captain-hook
16 verbose addNamed [ 'grunt-captain-hook', '' ]
17 verbose addNamed [ null, '*' ]
18 silly lockFile 14f1080f-grunt-captain-hook grunt-captain-hook@
19 verbose lock grunt-captain-hook@ C:\Users\avx12\AppData\Roaming\npm-cache\14f1080f-grunt-captain-hook.lock
20 silly addNameRange { name: 'grunt-captain-hook', range: '*', hasData: false }
21 silly addNameRange number 2 { name: 'grunt-captain-hook', range: '*', hasData: true }
22 silly addNameRange versions [ 'grunt-captain-hook', [ '0.2.2', '0.3.0', '0.3.1' ] ]
23 verbose addNamed [ 'grunt-captain-hook', '0.3.1' ]
24 verbose addNamed [ '0.3.1', '0.3.1' ]
25 silly lockFile f715fac1-grunt-captain-hook-0-3-1 grunt-captain-hook@0.3.1
26 verbose lock grunt-captain-hook@0.3.1 C:\Users\avx12\AppData\Roaming\npm-cache\f715fac1-grunt-captain-hook-0-3-1.lock
27 silly lockFile f715fac1-grunt-captain-hook-0-3-1 grunt-captain-hook@0.3.1
28 silly lockFile f715fac1-grunt-captain-hook-0-3-1 grunt-captain-hook@0.3.1
29 silly lockFile 14f1080f-grunt-captain-hook grunt-captain-hook@
30 silly lockFile 14f1080f-grunt-captain-hook grunt-captain-hook@
31 silly resolved [ { name: 'grunt-captain-hook',
31 silly resolved     version: '0.3.1',
31 silly resolved     description: 'Change css and js links within a html file',
31 silly resolved     main: 'Gruntfile.js',
31 silly resolved     directories: { test: 'test' },
31 silly resolved     scripts: { test: 'grunt test' },
31 silly resolved     repository:
31 silly resolved      { type: 'git',
31 silly resolved        url: 'git://github.com/arcanemainframe/grunt-captain-hook.git' },
31 silly resolved     devDependencies:
31 silly resolved      { 'grunt-contrib-jshint': '>=0.1.1',
31 silly resolved        'grunt-contrib-clean': '>=0.4.0',
31 silly resolved        'grunt-contrib-nodeunit': '>=0.1.2',
31 silly resolved        grunt: '~0.4.0' },
31 silly resolved     peerDependencies: { grunt: '~0.4.0' },
31 silly resolved     keywords: [ 'links', 'html', 'js', 'css', 'grunt', 'grunt plugin' ],
31 silly resolved     author: { name: 'Arcane MainFrame' },
31 silly resolved     license: 'MIT',
31 silly resolved     bugs: { url: 'https://github.com/arcanemainframe/grunt-captain-hook/issues' },
31 silly resolved     homepage: 'https://github.com/arcanemainframe/grunt-captain-hook',
31 silly resolved     gitHead: '8e300398274af68d2be9497b36339082267f8889',
31 silly resolved     readme: '# grunt-captain-hook\r\n\r\n> Insert css and Javascript links into html file\r\n\r\n## Getting Started\r\nThis plugin requires Grunt `~0.4.0`\r\n\r\nIf you haven\'t used [Grunt](http://gruntjs.com/) before, be sure to check out the [Getting Started](http://gruntjs.com/getting-started) guide, as it explains how to create a [Gruntfile](http://gruntjs.com/sample-gruntfile) as well as install and use Grunt plugins. Once you\'re familiar with that process, you may install this plugin with this command:\r\n\r\n```shell\r\nnpm install grunt-captain-hook --save-dev\r\n```\r\n\r\nOnce the plugin has been installed, it may be enabled inside your Gruntfile with this line of JavaScript:\r\n\r\n```js\r\ngrunt.loadNpmTasks(\'grunt-captain-hook\');\r\n```\r\n\r\n## The "captain_hook" task\r\n\r\n### Overview\r\nIn your project\'s Gruntfile, add a section named `captain-hook` to the data object passed into `grunt.initConfig()`.\r\n\r\n```js\r\ngrunt.initConfig({\r\n  captain_hook: {\r\n    your_target: {\r\n      // Target-specific file lists and/or options go here.\r\n      jsFiles: [\'path/to/js/files.js\'],\r\n      cssFiles: [\'path/to/css/files.css\'],\r\n      targetHtml: [\'path/to/html/files.html\']\r\n    }\r\n  }\r\n})\r\n```\r\n\r\nThen in your html pages add the directives on where to place css and javascript.\r\n\r\n```html\r\n<!doctype html>\r\n<html>\r\n  <head>\r\n    <meta charset="utf-8">\r\n    <!-- begin:css -->\r\n    <!-- end:css -->\r\n  </head>\r\n  <body>\r\n    <!-- begin:js -->\r\n    <!-- end:js -->\r\n  </body>\r\n</html>\r\n```\r\n\r\nAfter running the task it will modify the html file with links and script tags inserted between the directives.\r\n\r\n\r\n```html\r\n<!doctype html>\r\n<html>\r\n  <head>\r\n    <meta charset="utf-8">\r\n    <!-- begin:css -->\r\n    <link rel="stylesheet" type="text/css" herf="reset.css">\r\n    <link rel="stylesheet" type="text/css" herf="awesome_styling.css">\r\n    <!-- end:css -->\r\n  </head>\r\n  <body>\r\n    <!-- begin:js -->\r\n    <script src="jquery.js"></script>\r\n    <script src="awesome_stuff.js"></script>\r\n    <!-- end:js -->\r\n  </body>\r\n</html>\r\n```\r\n\r\n### Options\r\n\r\n#### options.cwd\r\nType: `String`\r\nDefault value: `.`\r\n\r\nPath to where to reference all files from (maybe be used for a CDN later).\r\n\r\n#### options.nonull\r\nType: `Boolean`\r\nDefault value: `true`\r\n\r\nWill return a file path even if it doesn\'t exist locally. Especially helpful for external links.\r\n\r\n## Contributing\r\nIn lieu of a formal styleguide, take care to maintain the existing coding style. Add unit tests for any new or changed functionality. Lint and test your code using [Grunt](http://gruntjs.com/).\r\n\r\n## Release History\r\n0.1.0 - Initial release.\r\n\r\n0.2.0 - Added ability to use arrays in the parameters\r\n\r\n0.3.0 - Added ability to use globbing patterns\r\n',
31 silly resolved     readmeFilename: 'README.md',
31 silly resolved     _id: 'grunt-captain-hook@0.3.1',
31 silly resolved     _shasum: 'f52043fcb28d0800dc890500c8710880e5be7fd9',
31 silly resolved     _from: 'grunt-captain-hook@' } ]
32 info install grunt-captain-hook@0.3.1 into C:\Users\avx12\Documents\broker-revenue
33 info installOne grunt-captain-hook@0.3.1
34 verbose node_modules\grunt-captain-hook unbuild
35 info preuninstall grunt-captain-hook@0.2.2
36 info uninstall grunt-captain-hook@0.2.2
37 verbose true,C:\Users\avx12\Documents\broker-revenue\node_modules,C:\Users\avx12\Documents\broker-revenue\node_modules unbuild grunt-captain-hook@0.2.2
38 info postuninstall grunt-captain-hook@0.2.2
39 verbose tar unpack C:\Users\avx12\AppData\Roaming\npm-cache\grunt-captain-hook\0.3.1\package.tgz
40 silly lockFile 36636cd4--node-modules-grunt-captain-hook tar://C:\Users\avx12\Documents\broker-revenue\node_modules\grunt-captain-hook
41 verbose lock tar://C:\Users\avx12\Documents\broker-revenue\node_modules\grunt-captain-hook C:\Users\avx12\AppData\Roaming\npm-cache\36636cd4--node-modules-grunt-captain-hook.lock
42 silly lockFile 2f452ded-t-captain-hook-0-3-1-package-tgz tar://C:\Users\avx12\AppData\Roaming\npm-cache\grunt-captain-hook\0.3.1\package.tgz
43 verbose lock tar://C:\Users\avx12\AppData\Roaming\npm-cache\grunt-captain-hook\0.3.1\package.tgz C:\Users\avx12\AppData\Roaming\npm-cache\2f452ded-t-captain-hook-0-3-1-package-tgz.lock
44 silly gunzTarPerm modes [ '777', '666' ]
45 silly gunzTarPerm extractEntry package.json
46 silly gunzTarPerm extractEntry .npmignore
47 silly gunzTarPerm extractEntry README.md
48 silly gunzTarPerm extractEntry Gruntfile.js
49 silly gunzTarPerm extractEntry .jshintrc
50 silly gunzTarPerm extractEntry LICENSE-MIT
51 silly gunzTarPerm extractEntry tasks/captain-hook.js
52 silly gunzTarPerm extractEntry test/captain_hook_test.js
53 silly gunzTarPerm extractEntry test/expected/custom_options
54 silly gunzTarPerm extractEntry test/expected/default_options
55 silly gunzTarPerm extractEntry test/fixtures/test.js
56 silly gunzTarPerm extractEntry test/fixtures/index.html
57 silly gunzTarPerm extractEntry test/fixtures/test.css
58 silly lockFile 36636cd4--node-modules-grunt-captain-hook tar://C:\Users\avx12\Documents\broker-revenue\node_modules\grunt-captain-hook
59 silly lockFile 36636cd4--node-modules-grunt-captain-hook tar://C:\Users\avx12\Documents\broker-revenue\node_modules\grunt-captain-hook
60 silly lockFile 2f452ded-t-captain-hook-0-3-1-package-tgz tar://C:\Users\avx12\AppData\Roaming\npm-cache\grunt-captain-hook\0.3.1\package.tgz
61 silly lockFile 2f452ded-t-captain-hook-0-3-1-package-tgz tar://C:\Users\avx12\AppData\Roaming\npm-cache\grunt-captain-hook\0.3.1\package.tgz
62 info preinstall grunt-captain-hook@0.3.1
63 verbose readDependencies using package.json deps
64 verbose readDependencies using package.json deps
65 silly resolved []
66 verbose about to build C:\Users\avx12\Documents\broker-revenue\node_modules\grunt-captain-hook
67 info build C:\Users\avx12\Documents\broker-revenue\node_modules\grunt-captain-hook
68 verbose linkStuff [ false,
68 verbose linkStuff   false,
68 verbose linkStuff   false,
68 verbose linkStuff   'C:\\Users\\avx12\\Documents\\broker-revenue\\node_modules' ]
69 info linkStuff grunt-captain-hook@0.3.1
70 verbose linkBins grunt-captain-hook@0.3.1
71 verbose linkMans grunt-captain-hook@0.3.1
72 verbose rebuildBundles grunt-captain-hook@0.3.1
73 info install grunt-captain-hook@0.3.1
74 info postinstall grunt-captain-hook@0.3.1
75 error peerinvalid The package grunt-captain-hook does not satisfy its siblings' peerDependencies requirements!
75 error peerinvalid Peer uiFramework@2.1.0 wants grunt-captain-hook@~0.2.2
76 error System Windows_NT 6.1.7601
77 error command "C:\\Program Files\\nodejs\\\\node.exe" "C:\\Program Files\\nodejs\\node_modules\\npm\\bin\\npm-cli.js" "install" "grunt-captain-hook"
78 error cwd C:\Users\avx12\Documents\broker-revenue
79 error node -v v0.10.33
80 error npm -v 1.4.28
81 error code EPEERINVALID
82 verbose exit [ 1, true ]
